<?xml version="1.0" encoding="UTF-8"?>
<!-- Generated by org.testng.reporters.JUnitReportReporter -->
<testsuite hostname="PRAMOD" failures="0" tests="1" name="com.HRMS.Test_Scripts.TC_01" time="10.288" errors="0" timestamp="8 Nov 2022 05:18:02 GMT">
  <testcase classname="com.HRMS.Test_Scripts.TC_01" name="tc001" time="10.288"/>
</testsuite> <!-- com.HRMS.Test_Scripts.TC_01 -->
